{"/Users/apoorv/Projects/Personal/async-resolver/index.js":{"path":"/Users/apoorv/Projects/Personal/async-resolver/index.js","s":{"1":1,"2":1,"3":9,"4":1,"5":15,"6":15,"7":1,"8":8,"9":8,"10":9,"11":7,"12":7,"13":7,"14":4,"15":8,"16":4,"17":3,"18":8,"19":1},"b":{"1":[15,7],"2":[7,1],"3":[4,3]},"f":{"1":9,"2":15,"3":8,"4":7,"5":8},"fnMap":{"1":{"name":"(anonymous_1)","line":3,"loc":{"start":{"line":3,"column":15},"end":{"line":3,"column":26}}},"2":{"name":"getSubscribers","line":6,"loc":{"start":{"line":6,"column":1},"end":{"line":6,"column":34}}},"3":{"name":"setSubscriber","line":11,"loc":{"start":{"line":11,"column":1},"end":{"line":11,"column":43}}},"4":{"name":"(anonymous_4)","line":17,"loc":{"start":{"line":17,"column":11},"end":{"line":17,"column":43}}},"5":{"name":"(anonymous_5)","line":32,"loc":{"start":{"line":32,"column":13},"end":{"line":32,"column":41}}}},"statementMap":{"1":{"start":{"line":1,"column":0},"end":{"line":1,"column":36}},"2":{"start":{"line":3,"column":0},"end":{"line":36,"column":1}},"3":{"start":{"line":4,"column":1},"end":{"line":4,"column":19}},"4":{"start":{"line":6,"column":1},"end":{"line":9,"column":2}},"5":{"start":{"line":7,"column":2},"end":{"line":7,"column":46}},"6":{"start":{"line":8,"column":2},"end":{"line":8,"column":27}},"7":{"start":{"line":11,"column":1},"end":{"line":14,"column":2}},"8":{"start":{"line":12,"column":2},"end":{"line":12,"column":26}},"9":{"start":{"line":13,"column":2},"end":{"line":13,"column":35}},"10":{"start":{"line":16,"column":1},"end":{"line":35,"column":2}},"11":{"start":{"line":18,"column":3},"end":{"line":20,"column":5}},"12":{"start":{"line":21,"column":3},"end":{"line":22,"column":39}},"13":{"start":{"line":24,"column":3},"end":{"line":29,"column":4}},"14":{"start":{"line":25,"column":4},"end":{"line":27,"column":5}},"15":{"start":{"line":26,"column":5},"end":{"line":26,"column":38}},"16":{"start":{"line":28,"column":4},"end":{"line":28,"column":51}},"17":{"start":{"line":30,"column":3},"end":{"line":30,"column":28}},"18":{"start":{"line":33,"column":3},"end":{"line":33,"column":36}},"19":{"start":{"line":38,"column":0},"end":{"line":38,"column":26}}},"branchMap":{"1":{"line":7,"type":"binary-expr","locations":[{"start":{"line":7,"column":22},"end":{"line":7,"column":39}},{"start":{"line":7,"column":43},"end":{"line":7,"column":45}}]},"2":{"line":18,"type":"binary-expr","locations":[{"start":{"line":18,"column":12},"end":{"line":18,"column":18}},{"start":{"line":18,"column":22},"end":{"line":20,"column":4}}]},"3":{"line":24,"type":"if","locations":[{"start":{"line":24,"column":3},"end":{"line":24,"column":3}},{"start":{"line":24,"column":3},"end":{"line":24,"column":3}}]}}}}