TN:
SF:/Users/apoorv/Projects/Personal/async-resolver/index.js
FN:3,(anonymous_1)
FN:6,getSubscribers
FN:11,setSubscriber
FN:17,(anonymous_4)
FN:32,(anonymous_5)
FNF:5
FNH:5
FNDA:9,(anonymous_1)
FNDA:15,getSubscribers
FNDA:8,setSubscriber
FNDA:7,(anonymous_4)
FNDA:8,(anonymous_5)
DA:1,1
DA:3,1
DA:4,9
DA:6,1
DA:7,15
DA:8,15
DA:11,1
DA:12,8
DA:13,8
DA:16,9
DA:18,7
DA:21,7
DA:24,7
DA:25,4
DA:26,8
DA:28,4
DA:30,3
DA:33,8
DA:38,1
LF:19
LH:19
BRDA:7,1,0,15
BRDA:7,1,1,7
BRDA:18,2,0,7
BRDA:18,2,1,1
BRDA:24,3,0,4
BRDA:24,3,1,3
BRF:6
BRH:6
end_of_record
